<?xml version="1.0" encoding="UTF-8" ?>
<testsuite errors="0" failures="1" hostname="laptop" name="bubbleSortTest" tests="1" time="0.089" timestamp="2013-07-15T00:29:09">
  <properties>
    <property name="env.DESKTOP_SESSION" value="gnome" />
    <property name="file.encoding.pkg" value="sun.io" />
    <property name="env.OS_TENANT_ID" value="43b789bfb2cd43dd91854cc5fd481409" />
    <property name="java.home" value="/usr/lib/jvm/java-7-openjdk-amd64/jre" />
    <property name="env.DISPLAY" value=":0" />
    <property name="env.LS_COLORS" value="rs=0:di=01;34:ln=01;36:mh=00:pi=40;33:so=01;35:do=01;35:bd=40;33;01:cd=40;33;01:or=40;31;01:su=37;41:sg=30;43:ca=30;41:tw=30;42:ow=34;42:st=37;44:ex=01;32:*.tar=01;31:*.tgz=01;31:*.arj=01;31:*.taz=01;31:*.lzh=01;31:*.lzma=01;31:*.tlz=01;31:*.txz=01;31:*.zip=01;31:*.z=01;31:*.Z=01;31:*.dz=01;31:*.gz=01;31:*.lz=01;31:*.xz=01;31:*.bz2=01;31:*.bz=01;31:*.tbz=01;31:*.tbz2=01;31:*.tz=01;31:*.deb=01;31:*.rpm=01;31:*.jar=01;31:*.war=01;31:*.ear=01;31:*.sar=01;31:*.rar=01;31:*.ace=01;31:*.zoo=01;31:*.cpio=01;31:*.7z=01;31:*.rz=01;31:*.jpg=01;35:*.jpeg=01;35:*.gif=01;35:*.bmp=01;35:*.pbm=01;35:*.pgm=01;35:*.ppm=01;35:*.tga=01;35:*.xbm=01;35:*.xpm=01;35:*.tif=01;35:*.tiff=01;35:*.png=01;35:*.svg=01;35:*.svgz=01;35:*.mng=01;35:*.pcx=01;35:*.mov=01;35:*.mpg=01;35:*.mpeg=01;35:*.m2v=01;35:*.mkv=01;35:*.webm=01;35:*.ogm=01;35:*.mp4=01;35:*.m4v=01;35:*.mp4v=01;35:*.vob=01;35:*.qt=01;35:*.nuv=01;35:*.wmv=01;35:*.asf=01;35:*.rm=01;35:*.rmvb=01;35:*.flc=01;35:*.avi=01;35:*.fli=01;35:*.flv=01;35:*.gl=01;35:*.dl=01;35:*.xcf=01;35:*.xwd=01;35:*.yuv=01;35:*.cgm=01;35:*.emf=01;35:*.axv=01;35:*.anx=01;35:*.ogv=01;35:*.ogx=01;35:*.aac=00;36:*.au=00;36:*.flac=00;36:*.mid=00;36:*.midi=00;36:*.mka=00;36:*.mp3=00;36:*.mpc=00;36:*.ogg=00;36:*.ra=00;36:*.wav=00;36:*.axa=00;36:*.oga=00;36:*.spx=00;36:*.xspf=00;36:" />
    <property name="env.XDG_SESSION_COOKIE" value="214b03462f73a1f42aea4e7f4cb046e9-1373254626.846658-733822329" />
    <property name="env.OS_REGION_NAME" value="LON" />
    <property name="java.endorsed.dirs" value="/usr/lib/jvm/java-7-openjdk-amd64/jre/lib/endorsed" />
    <property name="env.LOGNAME" value="huangyingw" />
    <property name="env.GIT_MERGE_AUTOEDIT" value="no" />
    <property name="env.UBUNTU_MENUPROXY" value="libappmenu.so" />
    <property name="env.HADOOP_SECURE_DN_USER" value="" />
    <property name="debuglevel" value="source,lines,vars" />
    <property name="ECLIPSE_HOME" value="../../../../../../../../usr/lib/eclipse" />
    <property name="env.LC_PAPER" value="en_US.UTF-8" />
    <property name="env.SESSION_MANAGER" value="local/laptop:@/tmp/.ICE-unix/4432,unix/laptop:/tmp/.ICE-unix/4432" />
    <property name="sun.os.patch.level" value="unknown" />
    <property name="java.vendor.url" value="http://java.oracle.com/" />
    <property name="env.XDG_SEAT_PATH" value="/org/freedesktop/DisplayManager/Seat0" />
    <property name="env.MANDATORY_PATH" value="/usr/share/gconf/gnome.mandatory.path" />
    <property name="java.version" value="1.7.0_21" />
    <property name="env.TZ" value="America/Los_Angeles" />
    <property name="java.vendor.url.bug" value="http://bugreport.sun.com/bugreport/" />
    <property name="env.LANGUAGE" value="en_US:en" />
    <property name="env.XDG_MENU_PREFIX" value="gnome-" />
    <property name="ant.project.invoked-targets" value="bubbleSortTest" />
    <property name="env.XDG_DATA_DIRS" value="/usr/share/gnome:/usr/local/share/:/usr/share/" />
    <property name="env.GREP_OPTIONS" value="--color=auto" />
    <property name="env.GNOME_KEYRING_CONTROL" value="/run/user/huangyingw/keyring-xZSKG7" />
    <property name="env.OS_AUTH_URL" value="http://ostack:5000/v2.0" />
    <property name="user.name" value="huangyingw" />
    <property name="env.LANG" value="en_US.utf8" />
    <property name="env.LC_MONETARY" value="en_US.UTF-8" />
    <property name="sun.io.unicode.encoding" value="UnicodeLittle" />
    <property name="env.CVSROOT" value=":pserver:yhuang@cvssrv:/cvs/CVS" />
    <property name="sun.jnu.encoding" value="UTF-8" />
    <property name="env.DBUS_SESSION_BUS_ADDRESS" value="unix:abstract=/tmp/dbus-LpBe9YAq2d,guid=8fc43a23d57c41ab28ead15c51da33e2" />
    <property name="java.runtime.name" value="OpenJDK Runtime Environment" />
    <property name="env.OS_PASSWORD" value="1qaz@WSX" />
    <property name="env.LC_NAME" value="en_US.UTF-8" />
    <property name="java.specification.name" value="Java Platform API Specification" />
    <property name="user.timezone" value="" />
    <property name="env.LESSOPEN" value="| /usr/bin/lesspipe %s" />
    <property name="path.separator" value=":" />
    <property name="file.encoding" value="UTF-8" />
    <property name="ant.file.type.bubbleSort" value="file" />
    <property name="ant.project.default-target" value="build" />
    <property name="env.HOME" value="/home/huangyingw" />
    <property name="sun.java.command" value="org.apache.tools.ant.taskdefs.optional.junit.JUnitTestRunner bubbleSortTest filtertrace=true haltOnError=false haltOnFailure=false formatter=org.apache.tools.ant.taskdefs.optional.junit.OutErrSummaryJUnitResultFormatter showoutput=false outputtoformatters=true logfailedtests=true logtestlistenerevents=false formatter=org.apache.tools.ant.taskdefs.optional.junit.XMLJUnitResultFormatter,/media/volgrp/myproject/git/java/algorithm/simple/bubbleSort/junit/TEST-bubbleSortTest.xml crashfile=/media/volgrp/myproject/git/java/algorithm/simple/bubbleSort/junitvmwatcher7416277719815786613.properties propsfile=/media/volgrp/myproject/git/java/algorithm/simple/bubbleSort/junit6030128604506646447.properties" />
    <property name="env.SERVICE_TENANT_NAME" value="service" />
    <property name="ant.file" value="/media/volgrp/myproject/git/java/algorithm/simple/bubbleSort/build.xml" />
    <property name="env.LC_TELEPHONE" value="en_US.UTF-8" />
    <property name="env._" value="/usr/bin/ant" />
    <property name="java.io.tmpdir" value="/tmp" />
    <property name="env.LC_IDENTIFICATION" value="en_US.UTF-8" />
    <property name="env.GNOME_KEYRING_PID" value="4421" />
    <property name="user.language" value="en" />
    <property name="line.separator" value="&#xa;" />
    <property name="target" value="1.6" />
    <property name="ant.file.type" value="file" />
    <property name="env.SSH_AGENT_PID" value="5355" />
    <property name="java.vm.info" value="mixed mode" />
    <property name="source" value="1.6" />
    <property name="sun.desktop" value="gnome" />
    <property name="java.vm.specification.name" value="Java Virtual Machine Specification" />
    <property name="env.COLORTERM" value="gnome-terminal" />
    <property name="env.TEXTDOMAIN" value="im-config" />
    <property name="env.LC_MEASUREMENT" value="en_US.UTF-8" />
    <property name="env.HADOOP_CLIENT_OPTS" value="-Xmx128m " />
    <property name="env.LC_TIME" value="en_US.UTF-8" />
    <property name="env.GDMSESSION" value="gnome" />
    <property name="env.GREP_COLOR" value="1;31" />
    <property name="java.awt.printerjob" value="sun.print.PSPrinterJob" />
    <property name="env.DEFAULTS_PATH" value="/usr/share/gconf/gnome.default.path" />
    <property name="env.HADOOP_CONF_DIR" value="/etc/hadoop" />
    <property name="ant.version" value="Apache Ant(TM) version 1.8.2 compiled on May 18 2012" />
    <property name="env.WINDOWID" value="23995349" />
    <property name="env.OS_USERNAME" value="admin" />
    <property name="env.XDG_SESSION_PATH" value="/org/freedesktop/DisplayManager/Session0" />
    <property name="os.name" value="Linux" />
    <property name="java.specification.vendor" value="Oracle Corporation" />
    <property name="env.TERM" value="xterm" />
    <property name="java.vm.name" value="OpenJDK 64-Bit Server VM" />
    <property name="env.HADOOP_NAMENODE_OPTS" value="-Dhadoop.security.logger=INFO,DRFAS -Dhdfs.audit.logger=INFO,DRFAAUDIT " />
    <property name="java.library.path" value="/usr/java/packages/lib/amd64:/usr/lib/jni:/lib:/usr/lib" />
    <property name="env.PATH" value="/home/huangyingw/bin:/usr/lib/lightdm/lightdm:/usr/local/sbin:/usr/local/bin:/usr/sbin:/usr/bin:/sbin:/bin:/usr/games:/usr/local/games" />
    <property name="env.LESSCLOSE" value="/usr/bin/lesspipe %s %s" />
    <property name="ant.java.version" value="1.7" />
    <property name="env.TEXTDOMAINDIR" value="/usr/share/locale/" />
    <property name="basedir" value="/media/volgrp/myproject/git/java/algorithm/simple/bubbleSort" />
    <property name="java.class.version" value="51.0" />
    <property name="env.SHLVL" value="1" />
    <property name="env.HADOOP_SECONDARYNAMENODE_OPTS" value="-Dhadoop.security.logger=INFO,DRFAS -Dhdfs.audit.logger=INFO,DRFAAUDIT " />
    <property name="ant.home" value="/usr/share/ant" />
    <property name="sun.boot.library.path" value="/usr/lib/jvm/java-7-openjdk-amd64/jre/lib/amd64" />
    <property name="env.OS_TENANT_NAME" value="admin" />
    <property name="sun.management.compiler" value="HotSpot 64-Bit Tiered Compilers" />
    <property name="java.awt.graphicsenv" value="sun.awt.X11GraphicsEnvironment" />
    <property name="env.USER" value="huangyingw" />
    <property name="env.GTK_MODULES" value="canberra-gtk-module:canberra-gtk-module:overlay-scrollbar" />
    <property name="env.HADOOP_SECURE_DN_LOG_DIR" value="/var/log/hadoop/hdfs" />
    <property name="ant.project.name" value="bubbleSort" />
    <property name="java.vm.specification.version" value="1.7" />
    <property name="env.SERVICE_PASSWORD" value="1qaz@WSX" />
    <property name="awt.toolkit" value="sun.awt.X11.XToolkit" />
    <property name="env.SERVICE_ENDPOINT" value="http://ostack:35357/v2.0" />
    <property name="sun.cpu.isalist" value="" />
    <property name="env.HADOOP_LOG_DIR" value="/var/log/hadoop/huangyingw" />
    <property name="java.ext.dirs" value="/usr/lib/jvm/java-7-openjdk-amd64/jre/lib/ext:/usr/java/packages/lib/ext" />
    <property name="os.version" value="3.8.0-2-generic" />
    <property name="user.home" value="/home/huangyingw" />
    <property name="env.XDG_CURRENT_DESKTOP" value="GNOME" />
    <property name="java.vm.vendor" value="Oracle Corporation" />
    <property name="env.JAVA_HOME" value="/usr/lib/jvm/java-7-openjdk-amd64/" />
    <property name="junit.output.dir" value="junit" />
    <property name="env.XAUTHORITY" value="/home/huangyingw/.Xauthority" />
    <property name="user.dir" value="/media/volgrp/myproject/git/java/algorithm/simple/bubbleSort" />
    <property name="env.HADOOP_OPTS" value="-Djava.net.preferIPv4Stack=true " />
    <property name="env.PWD" value="/media/volgrp/myproject/git/java/algorithm/simple/bubbleSort" />
    <property name="sun.cpu.endian" value="little" />
    <property name="env.SERVICE_TOKEN" value="r4th3rb3t0k3n" />
    <property name="java.vm.version" value="23.7-b01" />
    <property name="java.class.path" value="/media/volgrp/myproject/git/java/algorithm/simple/bubbleSort/bin:/usr/share/eclipse/dropins/jdt/plugins/org.junit_4.8.2.dist/junit.jar:/usr/share/eclipse/dropins/jdt/plugins/org.hamcrest.core_1.1.0.jar:/usr/share/ant/lib/junit.jar:/usr/share/java/ant-launcher-1.8.2.jar:/usr/share/ant/lib/ant.jar:/usr/share/ant/lib/ant-junit.jar:/usr/share/ant/lib/ant-junit4.jar" />
    <property name="ant.library.dir" value="/usr/share/ant/lib" />
    <property name="env.LC_ADDRESS" value="en_US.UTF-8" />
    <property name="env.ADMIN_PASSWORD" value="1qaz@WSX" />
    <property name="os.arch" value="amd64" />
    <property name="env.LC_NUMERIC" value="en_US.UTF-8" />
    <property name="env.HADOOP_SECURE_DN_PID_DIR" value="/var/log/hadoop" />
    <property name="ant.file.bubbleSort" value="/media/volgrp/myproject/git/java/algorithm/simple/bubbleSort/build.xml" />
    <property name="sun.java.launcher" value="SUN_STANDARD" />
    <property name="ant.core.lib" value="/usr/share/ant/lib/ant.jar" />
    <property name="java.vm.specification.vendor" value="Oracle Corporation" />
    <property name="file.separator" value="/" />
    <property name="java.runtime.version" value="1.7.0_21-b02" />
    <property name="env.SSH_AUTH_SOCK" value="/tmp/ssh-UfdvhpRtUeZL/agent.5353" />
    <property name="env.HADOOP_PID_DIR" value="/var/log/hadoop" />
    <property name="sun.boot.class.path" value="/usr/lib/jvm/java-7-openjdk-amd64/jre/lib/resources.jar:/usr/lib/jvm/java-7-openjdk-amd64/jre/lib/rt.jar:/usr/lib/jvm/java-7-openjdk-amd64/jre/lib/sunrsasign.jar:/usr/lib/jvm/java-7-openjdk-amd64/jre/lib/jsse.jar:/usr/lib/jvm/java-7-openjdk-amd64/jre/lib/jce.jar:/usr/lib/jvm/java-7-openjdk-amd64/jre/lib/charsets.jar:/usr/lib/jvm/java-7-openjdk-amd64/jre/lib/netx.jar:/usr/lib/jvm/java-7-openjdk-amd64/jre/lib/plugin.jar:/usr/lib/jvm/java-7-openjdk-amd64/jre/lib/rhino.jar:/usr/lib/jvm/java-7-openjdk-amd64/jre/lib/jfr.jar:/usr/lib/jvm/java-7-openjdk-amd64/jre/classes" />
    <property name="env.OS_AUTH_SYSTEM" value="rackspace" />
    <property name="env.XDG_CONFIG_DIRS" value="/etc/xdg/xdg-gnome:/etc/xdg" />
    <property name="env.XDG_RUNTIME_DIR" value="/run/user/huangyingw" />
    <property name="user.country" value="US" />
    <property name="env.HADOOP_IDENT_STRING" value="huangyingw" />
    <property name="env.SHELL" value="/bin/bash" />
    <property name="env.OS_NO_CACHE" value="1" />
    <property name="java.vendor" value="Oracle Corporation" />
    <property name="env.GPG_AGENT_INFO" value="/run/user/huangyingw/keyring-xZSKG7/gpg:0:1" />
    <property name="java.specification.version" value="1.7" />
    <property name="env.SPEECHD_PORT" value="7560" />
    <property name="sun.arch.data.model" value="64" />
    <property name="env.GNOME_DESKTOP_SESSION_ID" value="this-is-deprecated" />
  </properties>
  <testcase classname="bubbleSortTest" name="test" time="0.008">
    <failure message="Not yet implemented" type="junit.framework.AssertionFailedError">junit.framework.AssertionFailedError: Not yet implemented
	at bubbleSortTest.test(bubbleSortTest.java:10)
</failure>
  </testcase>
  <system-out><![CDATA[]]></system-out>
  <system-err><![CDATA[]]></system-err>
</testsuite>
